07/24/2021 10:58:32 PM - root - INFO - **************Test_003_AddCustomer***************
07/24/2021 10:58:32 PM - root - INFO - **************User login initiated****************
07/24/2021 10:58:42 PM - root - INFO - ***********Login Successful*********
07/24/2021 10:58:42 PM - root - INFO - ***************Add Customer Test Begin******************
07/24/2021 10:58:48 PM - root - INFO - ***************Adding customer Info******************
07/24/2021 10:58:58 PM - root - INFO - ************* Saving customer info **********
07/24/2021 10:58:58 PM - root - INFO - ********* Add customer validation started *****************
07/24/2021 10:58:58 PM - root - INFO - ********* Add customer test validation passed *****************
07/24/2021 10:58:58 PM - root - INFO - ***************Add Customer Test End******************
07/24/2021 11:11:20 PM - root - INFO - **************Test_003_AddCustomer***************
07/24/2021 11:11:20 PM - root - INFO - **************User login initiated****************
07/24/2021 11:11:31 PM - root - INFO - ***********Login Successful*********
07/24/2021 11:11:31 PM - root - INFO - ***************Add Customer Test Begin******************
07/24/2021 11:18:52 PM - root - INFO - **************Test_003_AddCustomer***************
07/24/2021 11:18:52 PM - root - INFO - **************User login initiated****************
07/24/2021 11:19:02 PM - root - INFO - ***********Login Successful*********
07/24/2021 11:19:02 PM - root - INFO - ***************Add Customer Test Begin******************
07/24/2021 11:19:07 PM - root - INFO - ***************Adding customer Info******************
07/24/2021 11:19:18 PM - root - INFO - ************* Saving customer info **********
07/24/2021 11:19:18 PM - root - INFO - ********* Add customer validation started *****************
07/24/2021 11:19:18 PM - root - INFO - ********* Add customer test validation passed *****************
07/24/2021 11:19:18 PM - root - INFO - ***************Add Customer Test End******************
07/24/2021 11:21:41 PM - root - INFO - **************Test_003_AddCustomer***************
07/24/2021 11:21:41 PM - root - INFO - **************User login initiated****************
07/24/2021 11:21:52 PM - root - INFO - ***********Login Successful*********
07/24/2021 11:21:52 PM - root - INFO - ***************Add Customer Test Begin******************
07/24/2021 11:22:10 PM - root - INFO - **************Test_003_AddCustomer***************
07/24/2021 11:22:10 PM - root - INFO - **************User login initiated****************
07/24/2021 11:22:21 PM - root - INFO - ***********Login Successful*********
07/24/2021 11:22:21 PM - root - INFO - ***************Add Customer Test Begin******************
07/24/2021 11:22:26 PM - root - INFO - ***************Adding customer Info******************
07/24/2021 11:22:37 PM - root - INFO - ************* Saving customer info **********
07/24/2021 11:22:37 PM - root - INFO - ********* Add customer validation started *****************
07/24/2021 11:22:38 PM - root - INFO - ********* Add customer test validation passed *****************
07/24/2021 11:22:38 PM - root - INFO - ***************Add Customer Test End******************
07/26/2021 12:06:33 AM - root - INFO - **************Test_SearchCustomerByEmail_004***************
07/26/2021 12:06:43 AM - root - INFO - ***********Login Successful*********
07/26/2021 12:06:43 AM - root - INFO - ***************Search Customer Test Begin******************
07/26/2021 12:07:05 AM - root - INFO - **************Test_SearchCustomerByEmail_004***************
07/26/2021 12:07:14 AM - root - INFO - ***********Login Successful*********
07/26/2021 12:07:14 AM - root - INFO - ***************Search Customer Test Begin******************
07/26/2021 12:07:17 AM - root - INFO - ***************Search Customer Test by Email******************
07/26/2021 12:07:57 AM - root - INFO - **************Test_SearchCustomerByEmail_004***************
07/26/2021 12:08:08 AM - root - INFO - ***********Login Successful*********
07/26/2021 12:08:08 AM - root - INFO - ***************Search Customer Test Begin******************
07/26/2021 12:16:41 AM - root - INFO - **************Test_SearchCustomerByEmail_004***************
07/26/2021 12:16:52 AM - root - INFO - ***********Login Successful*********
07/26/2021 12:16:52 AM - root - INFO - ***************Search Customer Test Begin******************
07/26/2021 12:17:06 AM - root - INFO - **************Test_SearchCustomerByEmail_004***************
07/26/2021 12:17:39 AM - root - INFO - **************Test_SearchCustomerByEmail_004***************
07/26/2021 12:18:00 AM - root - INFO - ***********Login Successful*********
07/26/2021 12:18:00 AM - root - INFO - ***************Search Customer Test Begin******************
07/26/2021 12:18:03 AM - root - INFO - ***************Search Customer Test by Email******************
07/26/2021 12:33:53 AM - root - INFO - **************Test_SearchCustomerByEmail_004***************
07/26/2021 12:34:19 AM - root - INFO - ***********Login Successful*********
07/26/2021 12:34:19 AM - root - INFO - ***************Search Customer Test Begin******************
07/26/2021 12:35:33 AM - root - INFO - **************Test_SearchCustomerByEmail_004***************
07/26/2021 12:35:45 AM - root - INFO - ***********Login Successful*********
07/26/2021 12:35:45 AM - root - INFO - ***************Search Customer Test Begin******************
07/26/2021 12:35:48 AM - root - INFO - ***************Search Customer Test by Email******************
07/26/2021 12:46:46 AM - root - INFO - **************Test_SearchCustomerByEmail_004***************
07/26/2021 12:46:56 AM - root - INFO - ***********Login Successful*********
07/26/2021 12:46:56 AM - root - INFO - ***************Search Customer Test Begin******************
07/26/2021 12:46:57 AM - root - INFO - ***************Search Customer Test by Email******************
07/26/2021 12:53:08 AM - root - INFO - **************Test_SearchCustomerByEmail_004***************
07/26/2021 12:53:17 AM - root - INFO - ***********Login Successful*********
07/26/2021 12:53:17 AM - root - INFO - ***************Search Customer Test Begin******************
07/26/2021 12:53:21 AM - root - INFO - ***************Search Customer Test by Email******************
07/26/2021 12:53:26 AM - root - INFO - ***************Test_SearchCustomerByEmail_004 End******************
07/26/2021 12:54:41 AM - root - INFO - **************Test_SearchCustomerByEmail_004***************
07/26/2021 12:54:53 AM - root - INFO - ***********Login Successful*********
07/26/2021 12:54:53 AM - root - INFO - ***************Search Customer Test Begin******************
07/26/2021 12:54:56 AM - root - INFO - ***************Search Customer Test by Email******************
07/26/2021 12:55:09 AM - root - INFO - **************Test_SearchCustomerByEmail_004***************
07/26/2021 12:55:19 AM - root - INFO - ***********Login Successful*********
07/26/2021 12:55:19 AM - root - INFO - ***************Search Customer Test Begin******************
07/26/2021 12:55:22 AM - root - INFO - ***************Search Customer Test by Email******************
07/26/2021 12:55:31 AM - root - INFO - ***************Test_SearchCustomerByEmail_004 End******************
08/05/2021 11:30:35 PM - root - INFO - **************Test_003_AddCustomer***************
08/05/2021 11:30:35 PM - root - INFO - **************User login initiated****************
08/05/2021 11:31:29 PM - root - INFO - **************Test_SearchCustomerByName_005***************
08/05/2021 11:31:41 PM - root - INFO - ***********Login Successful*********
08/05/2021 11:31:41 PM - root - INFO - ***************Search Customer Test Begin******************
08/05/2021 11:32:06 PM - root - INFO - **************Test_SearchCustomerByName_005***************
08/05/2021 11:32:18 PM - root - INFO - ***********Login Successful*********
08/05/2021 11:32:18 PM - root - INFO - ***************Search Customer Test Begin******************
08/05/2021 11:32:20 PM - root - INFO - ***************Search Customer Test by Name******************
08/05/2021 11:34:44 PM - root - INFO - **************Test_SearchCustomerByName_005***************
08/05/2021 11:34:54 PM - root - INFO - ***********Login Successful*********
08/05/2021 11:34:54 PM - root - INFO - ***************Search Customer Test Begin******************
08/05/2021 11:34:58 PM - root - INFO - ***************Search Customer Test by Name******************
08/05/2021 11:40:34 PM - root - INFO - **************Test_SearchCustomerByName_005***************
08/05/2021 11:40:44 PM - root - INFO - ***********Login Successful*********
08/05/2021 11:40:44 PM - root - INFO - ***************Search Customer Test Begin******************
08/05/2021 11:40:47 PM - root - INFO - ***************Search Customer Test by Name******************
08/05/2021 11:42:00 PM - root - INFO - **************Test_SearchCustomerByName_005***************
08/05/2021 11:42:10 PM - root - INFO - ***********Login Successful*********
08/05/2021 11:42:10 PM - root - INFO - ***************Search Customer Test Begin******************
08/05/2021 11:42:13 PM - root - INFO - ***************Search Customer Test by Name******************
08/05/2021 11:49:23 PM - root - INFO - **************Test_SearchCustomerByName_005***************
08/05/2021 11:49:34 PM - root - INFO - ***********Login Successful*********
08/05/2021 11:49:34 PM - root - INFO - ***************Search Customer Test Begin******************
08/05/2021 11:49:36 PM - root - INFO - ***************Search Customer Test by Name******************
08/05/2021 11:49:45 PM - root - INFO - ***************Test_SearchCustomerByName_005 End******************
08/05/2021 11:55:51 PM - root - INFO - **************Test_SearchCustomerByName_005***************
08/05/2021 11:56:03 PM - root - INFO - ***********Login Successful*********
08/05/2021 11:56:03 PM - root - INFO - ***************Search Customer Test Begin******************
08/05/2021 11:56:16 PM - root - INFO - **************Test_SearchCustomerByName_005***************
08/05/2021 11:56:27 PM - root - INFO - ***********Login Successful*********
08/05/2021 11:56:27 PM - root - INFO - ***************Search Customer Test Begin******************
08/05/2021 11:57:15 PM - root - INFO - **************Test_SearchCustomerByName_005***************
08/05/2021 11:57:25 PM - root - INFO - ***********Login Successful*********
08/05/2021 11:57:25 PM - root - INFO - ***************Search Customer Test Begin******************
08/05/2021 11:57:28 PM - root - INFO - ***************Search Customer Test by Name******************
08/05/2021 11:57:35 PM - root - INFO - ***************Test_SearchCustomerByName_005 End******************
08/06/2021 12:17:10 AM - root - INFO - **************Test_003_AddCustomer***************
08/06/2021 12:17:10 AM - root - INFO - **************Test_003_AddCustomer***************
08/06/2021 12:17:10 AM - root - INFO - **************Test_003_AddCustomer***************
08/06/2021 12:17:10 AM - root - INFO - **************Test_003_AddCustomer***************
08/06/2021 12:17:10 AM - root - INFO - **************Test_003_AddCustomer***************
08/06/2021 12:17:10 AM - root - INFO - **************User login initiated****************
08/06/2021 12:17:10 AM - root - INFO - **************User login initiated****************
08/06/2021 12:17:10 AM - root - INFO - **************User login initiated****************
08/06/2021 12:17:10 AM - root - INFO - **************User login initiated****************
08/06/2021 12:17:10 AM - root - INFO - **************User login initiated****************
08/06/2021 12:17:52 AM - root - INFO - ***********Login Successful*********
08/06/2021 12:17:52 AM - root - INFO - ***********Login Successful*********
08/06/2021 12:17:52 AM - root - INFO - ***********Login Successful*********
08/06/2021 12:17:52 AM - root - INFO - ***********Login Successful*********
08/06/2021 12:17:52 AM - root - INFO - ***********Login Successful*********
08/06/2021 12:17:52 AM - root - INFO - ***************Add Customer Test Begin******************
08/06/2021 12:17:52 AM - root - INFO - ***************Add Customer Test Begin******************
08/06/2021 12:17:52 AM - root - INFO - ***************Add Customer Test Begin******************
08/06/2021 12:17:52 AM - root - INFO - ***************Add Customer Test Begin******************
08/06/2021 12:17:52 AM - root - INFO - ***************Add Customer Test Begin******************
08/06/2021 12:17:59 AM - root - INFO - ***************Adding customer Info******************
08/06/2021 12:17:59 AM - root - INFO - ***************Adding customer Info******************
08/06/2021 12:17:59 AM - root - INFO - ***************Adding customer Info******************
08/06/2021 12:17:59 AM - root - INFO - ***************Adding customer Info******************
08/06/2021 12:17:59 AM - root - INFO - ***************Adding customer Info******************
08/06/2021 12:18:10 AM - root - INFO - ************* Saving customer info **********
08/06/2021 12:18:10 AM - root - INFO - ************* Saving customer info **********
08/06/2021 12:18:10 AM - root - INFO - ************* Saving customer info **********
08/06/2021 12:18:10 AM - root - INFO - ************* Saving customer info **********
08/06/2021 12:18:10 AM - root - INFO - ************* Saving customer info **********
08/06/2021 12:18:10 AM - root - INFO - ********* Add customer validation started *****************
08/06/2021 12:18:10 AM - root - INFO - ********* Add customer validation started *****************
08/06/2021 12:18:10 AM - root - INFO - ********* Add customer validation started *****************
08/06/2021 12:18:10 AM - root - INFO - ********* Add customer validation started *****************
08/06/2021 12:18:10 AM - root - INFO - ********* Add customer validation started *****************
08/06/2021 12:18:10 AM - root - INFO - ********* Add customer test validation passed *****************
08/06/2021 12:18:10 AM - root - INFO - ********* Add customer test validation passed *****************
08/06/2021 12:18:10 AM - root - INFO - ********* Add customer test validation passed *****************
08/06/2021 12:18:10 AM - root - INFO - ********* Add customer test validation passed *****************
08/06/2021 12:18:10 AM - root - INFO - ********* Add customer test validation passed *****************
08/06/2021 12:18:10 AM - root - INFO - ***************Add Customer Test End******************
08/06/2021 12:18:10 AM - root - INFO - ***************Add Customer Test End******************
08/06/2021 12:18:10 AM - root - INFO - ***************Add Customer Test End******************
08/06/2021 12:18:10 AM - root - INFO - ***************Add Customer Test End******************
08/06/2021 12:18:10 AM - root - INFO - ***************Add Customer Test End******************
08/06/2021 12:18:11 AM - root - INFO - ********Verifying the Login test***********
08/06/2021 12:18:11 AM - root - INFO - ********Verifying the Login test***********
08/06/2021 12:18:11 AM - root - INFO - ********Verifying the Login test***********
08/06/2021 12:18:11 AM - root - INFO - ********Verifying the Login test***********
08/06/2021 12:18:11 AM - root - INFO - ********Verifying the Login test***********
08/06/2021 12:18:21 AM - root - INFO - *********Login test is passed **********
08/06/2021 12:18:21 AM - root - INFO - *********Login test is passed **********
08/06/2021 12:18:21 AM - root - INFO - *********Login test is passed **********
08/06/2021 12:18:21 AM - root - INFO - *********Login test is passed **********
08/06/2021 12:18:21 AM - root - INFO - *********Login test is passed **********
08/06/2021 12:23:25 AM - app.module.function - INFO - **************Test_003_AddCustomer***************
08/06/2021 12:23:25 AM - app.module.function - INFO - **************Test_003_AddCustomer***************
08/06/2021 12:23:25 AM - app.module.function - INFO - **************Test_003_AddCustomer***************
08/06/2021 12:23:25 AM - app.module.function - INFO - **************Test_003_AddCustomer***************
08/06/2021 12:23:25 AM - app.module.function - INFO - **************Test_003_AddCustomer***************
08/06/2021 12:23:25 AM - app.module.function - INFO - **************User login initiated****************
08/06/2021 12:23:25 AM - app.module.function - INFO - **************User login initiated****************
08/06/2021 12:23:25 AM - app.module.function - INFO - **************User login initiated****************
08/06/2021 12:23:25 AM - app.module.function - INFO - **************User login initiated****************
08/06/2021 12:23:25 AM - app.module.function - INFO - **************User login initiated****************
08/06/2021 12:23:35 AM - app.module.function - INFO - ***********Login Successful*********
08/06/2021 12:23:35 AM - app.module.function - INFO - ***********Login Successful*********
08/06/2021 12:23:35 AM - app.module.function - INFO - ***********Login Successful*********
08/06/2021 12:23:35 AM - app.module.function - INFO - ***********Login Successful*********
08/06/2021 12:23:35 AM - app.module.function - INFO - ***********Login Successful*********
08/06/2021 12:23:35 AM - app.module.function - INFO - ***************Add Customer Test Begin******************
08/06/2021 12:23:35 AM - app.module.function - INFO - ***************Add Customer Test Begin******************
08/06/2021 12:23:35 AM - app.module.function - INFO - ***************Add Customer Test Begin******************
08/06/2021 12:23:35 AM - app.module.function - INFO - ***************Add Customer Test Begin******************
08/06/2021 12:23:35 AM - app.module.function - INFO - ***************Add Customer Test Begin******************
08/06/2021 12:23:39 AM - app.module.function - INFO - ***************Adding customer Info******************
08/06/2021 12:23:39 AM - app.module.function - INFO - ***************Adding customer Info******************
08/06/2021 12:23:39 AM - app.module.function - INFO - ***************Adding customer Info******************
08/06/2021 12:23:39 AM - app.module.function - INFO - ***************Adding customer Info******************
08/06/2021 12:23:39 AM - app.module.function - INFO - ***************Adding customer Info******************
08/06/2021 12:23:50 AM - app.module.function - INFO - ************* Saving customer info **********
08/06/2021 12:23:50 AM - app.module.function - INFO - ************* Saving customer info **********
08/06/2021 12:23:50 AM - app.module.function - INFO - ************* Saving customer info **********
08/06/2021 12:23:50 AM - app.module.function - INFO - ************* Saving customer info **********
08/06/2021 12:23:50 AM - app.module.function - INFO - ************* Saving customer info **********
08/06/2021 12:23:50 AM - app.module.function - INFO - ********* Add customer validation started *****************
08/06/2021 12:23:50 AM - app.module.function - INFO - ********* Add customer validation started *****************
08/06/2021 12:23:50 AM - app.module.function - INFO - ********* Add customer validation started *****************
08/06/2021 12:23:50 AM - app.module.function - INFO - ********* Add customer validation started *****************
08/06/2021 12:23:50 AM - app.module.function - INFO - ********* Add customer validation started *****************
08/06/2021 12:23:50 AM - app.module.function - INFO - ********* Add customer test validation passed *****************
08/06/2021 12:23:50 AM - app.module.function - INFO - ********* Add customer test validation passed *****************
08/06/2021 12:23:50 AM - app.module.function - INFO - ********* Add customer test validation passed *****************
08/06/2021 12:23:50 AM - app.module.function - INFO - ********* Add customer test validation passed *****************
08/06/2021 12:23:50 AM - app.module.function - INFO - ********* Add customer test validation passed *****************
08/06/2021 12:23:50 AM - app.module.function - INFO - ***************Add Customer Test End******************
08/06/2021 12:23:50 AM - app.module.function - INFO - ***************Add Customer Test End******************
08/06/2021 12:23:50 AM - app.module.function - INFO - ***************Add Customer Test End******************
08/06/2021 12:23:50 AM - app.module.function - INFO - ***************Add Customer Test End******************
08/06/2021 12:23:50 AM - app.module.function - INFO - ***************Add Customer Test End******************
08/06/2021 12:23:52 AM - app.module.function - INFO - ********Verifying the Login test***********
08/06/2021 12:23:52 AM - app.module.function - INFO - ********Verifying the Login test***********
08/06/2021 12:23:52 AM - app.module.function - INFO - ********Verifying the Login test***********
08/06/2021 12:23:52 AM - app.module.function - INFO - ********Verifying the Login test***********
08/06/2021 12:23:52 AM - app.module.function - INFO - ********Verifying the Login test***********
08/06/2021 12:24:02 AM - app.module.function - INFO - *********Login test is passed **********
08/06/2021 12:24:02 AM - app.module.function - INFO - *********Login test is passed **********
08/06/2021 12:24:02 AM - app.module.function - INFO - *********Login test is passed **********
08/06/2021 12:24:02 AM - app.module.function - INFO - *********Login test is passed **********
08/06/2021 12:24:02 AM - app.module.function - INFO - *********Login test is passed **********
08/06/2021 12:37:51 AM - root - INFO - **************Test_003_AddCustomer***************
08/06/2021 12:37:51 AM - root - INFO - **************Test_003_AddCustomer***************
08/06/2021 12:37:51 AM - root - INFO - **************Test_003_AddCustomer***************
08/06/2021 12:37:51 AM - root - INFO - **************Test_003_AddCustomer***************
08/06/2021 12:37:51 AM - root - INFO - **************Test_003_AddCustomer***************
08/06/2021 12:37:51 AM - root - INFO - **************User login initiated****************
08/06/2021 12:37:51 AM - root - INFO - **************User login initiated****************
08/06/2021 12:37:51 AM - root - INFO - **************User login initiated****************
08/06/2021 12:37:51 AM - root - INFO - **************User login initiated****************
08/06/2021 12:37:51 AM - root - INFO - **************User login initiated****************
08/06/2021 12:38:04 AM - root - INFO - ***********Login Successful*********
08/06/2021 12:38:04 AM - root - INFO - ***********Login Successful*********
08/06/2021 12:38:04 AM - root - INFO - ***********Login Successful*********
08/06/2021 12:38:04 AM - root - INFO - ***********Login Successful*********
08/06/2021 12:38:04 AM - root - INFO - ***********Login Successful*********
08/06/2021 12:38:04 AM - root - INFO - ***************Add Customer Test Begin******************
08/06/2021 12:38:04 AM - root - INFO - ***************Add Customer Test Begin******************
08/06/2021 12:38:04 AM - root - INFO - ***************Add Customer Test Begin******************
08/06/2021 12:38:04 AM - root - INFO - ***************Add Customer Test Begin******************
08/06/2021 12:38:04 AM - root - INFO - ***************Add Customer Test Begin******************
08/06/2021 12:38:09 AM - root - INFO - ***************Adding customer Info******************
08/06/2021 12:38:09 AM - root - INFO - ***************Adding customer Info******************
08/06/2021 12:38:09 AM - root - INFO - ***************Adding customer Info******************
08/06/2021 12:38:09 AM - root - INFO - ***************Adding customer Info******************
08/06/2021 12:38:09 AM - root - INFO - ***************Adding customer Info******************
08/06/2021 12:38:20 AM - root - INFO - ************* Saving customer info **********
08/06/2021 12:38:20 AM - root - INFO - ************* Saving customer info **********
08/06/2021 12:38:20 AM - root - INFO - ************* Saving customer info **********
08/06/2021 12:38:20 AM - root - INFO - ************* Saving customer info **********
08/06/2021 12:38:20 AM - root - INFO - ************* Saving customer info **********
08/06/2021 12:38:20 AM - root - INFO - ********* Add customer validation started *****************
08/06/2021 12:38:20 AM - root - INFO - ********* Add customer validation started *****************
08/06/2021 12:38:20 AM - root - INFO - ********* Add customer validation started *****************
08/06/2021 12:38:20 AM - root - INFO - ********* Add customer validation started *****************
08/06/2021 12:38:20 AM - root - INFO - ********* Add customer validation started *****************
08/06/2021 12:38:20 AM - root - INFO - ********* Add customer test validation passed *****************
08/06/2021 12:38:20 AM - root - INFO - ********* Add customer test validation passed *****************
08/06/2021 12:38:20 AM - root - INFO - ********* Add customer test validation passed *****************
08/06/2021 12:38:20 AM - root - INFO - ********* Add customer test validation passed *****************
08/06/2021 12:38:20 AM - root - INFO - ********* Add customer test validation passed *****************
08/06/2021 12:38:20 AM - root - INFO - ***************Add Customer Test End******************
08/06/2021 12:38:20 AM - root - INFO - ***************Add Customer Test End******************
08/06/2021 12:38:20 AM - root - INFO - ***************Add Customer Test End******************
08/06/2021 12:38:20 AM - root - INFO - ***************Add Customer Test End******************
08/06/2021 12:38:20 AM - root - INFO - ***************Add Customer Test End******************
08/06/2021 12:38:22 AM - root - INFO - ********Verifying the Login test***********
08/06/2021 12:38:22 AM - root - INFO - ********Verifying the Login test***********
08/06/2021 12:38:22 AM - root - INFO - ********Verifying the Login test***********
08/06/2021 12:38:22 AM - root - INFO - ********Verifying the Login test***********
08/06/2021 12:38:22 AM - root - INFO - ********Verifying the Login test***********
08/06/2021 12:38:31 AM - root - INFO - *********Login test is passed **********
08/06/2021 12:38:31 AM - root - INFO - *********Login test is passed **********
08/06/2021 12:38:31 AM - root - INFO - *********Login test is passed **********
08/06/2021 12:38:31 AM - root - INFO - *********Login test is passed **********
08/06/2021 12:38:31 AM - root - INFO - *********Login test is passed **********
08/28/2021 08:29:12 PM - root - INFO - **************Test_003_AddCustomer***************
08/28/2021 08:29:12 PM - root - INFO - **************Test_003_AddCustomer***************
08/28/2021 08:29:12 PM - root - INFO - **************Test_003_AddCustomer***************
08/28/2021 08:29:12 PM - root - INFO - **************Test_003_AddCustomer***************
08/28/2021 08:29:12 PM - root - INFO - **************Test_003_AddCustomer***************
08/28/2021 08:29:12 PM - root - INFO - **************User login initiated****************
08/28/2021 08:29:12 PM - root - INFO - **************User login initiated****************
08/28/2021 08:29:12 PM - root - INFO - **************User login initiated****************
08/28/2021 08:29:12 PM - root - INFO - **************User login initiated****************
08/28/2021 08:29:12 PM - root - INFO - **************User login initiated****************
08/28/2021 08:29:24 PM - root - INFO - ***********Login Successful*********
08/28/2021 08:29:24 PM - root - INFO - ***********Login Successful*********
08/28/2021 08:29:24 PM - root - INFO - ***********Login Successful*********
08/28/2021 08:29:24 PM - root - INFO - ***********Login Successful*********
08/28/2021 08:29:24 PM - root - INFO - ***********Login Successful*********
08/28/2021 08:29:24 PM - root - INFO - ***************Add Customer Test Begin******************
08/28/2021 08:29:24 PM - root - INFO - ***************Add Customer Test Begin******************
08/28/2021 08:29:24 PM - root - INFO - ***************Add Customer Test Begin******************
08/28/2021 08:29:24 PM - root - INFO - ***************Add Customer Test Begin******************
08/28/2021 08:29:24 PM - root - INFO - ***************Add Customer Test Begin******************
08/28/2021 08:29:30 PM - root - INFO - ***************Adding customer Info******************
08/28/2021 08:29:30 PM - root - INFO - ***************Adding customer Info******************
08/28/2021 08:29:30 PM - root - INFO - ***************Adding customer Info******************
08/28/2021 08:29:30 PM - root - INFO - ***************Adding customer Info******************
08/28/2021 08:29:30 PM - root - INFO - ***************Adding customer Info******************
08/28/2021 08:29:41 PM - root - INFO - ************* Saving customer info **********
08/28/2021 08:29:41 PM - root - INFO - ************* Saving customer info **********
08/28/2021 08:29:41 PM - root - INFO - ************* Saving customer info **********
08/28/2021 08:29:41 PM - root - INFO - ************* Saving customer info **********
08/28/2021 08:29:41 PM - root - INFO - ************* Saving customer info **********
08/28/2021 08:29:41 PM - root - INFO - ********* Add customer validation started *****************
08/28/2021 08:29:41 PM - root - INFO - ********* Add customer validation started *****************
08/28/2021 08:29:41 PM - root - INFO - ********* Add customer validation started *****************
08/28/2021 08:29:41 PM - root - INFO - ********* Add customer validation started *****************
08/28/2021 08:29:41 PM - root - INFO - ********* Add customer validation started *****************
08/28/2021 08:29:42 PM - root - INFO - ********* Add customer test validation passed *****************
08/28/2021 08:29:42 PM - root - INFO - ********* Add customer test validation passed *****************
08/28/2021 08:29:42 PM - root - INFO - ********* Add customer test validation passed *****************
08/28/2021 08:29:42 PM - root - INFO - ********* Add customer test validation passed *****************
08/28/2021 08:29:42 PM - root - INFO - ********* Add customer test validation passed *****************
08/28/2021 08:29:42 PM - root - INFO - ***************Add Customer Test End******************
08/28/2021 08:29:42 PM - root - INFO - ***************Add Customer Test End******************
08/28/2021 08:29:42 PM - root - INFO - ***************Add Customer Test End******************
08/28/2021 08:29:42 PM - root - INFO - ***************Add Customer Test End******************
08/28/2021 08:29:42 PM - root - INFO - ***************Add Customer Test End******************
08/28/2021 08:29:43 PM - root - INFO - ********Verifying the Login test***********
08/28/2021 08:29:43 PM - root - INFO - ********Verifying the Login test***********
08/28/2021 08:29:43 PM - root - INFO - ********Verifying the Login test***********
08/28/2021 08:29:43 PM - root - INFO - ********Verifying the Login test***********
08/28/2021 08:29:43 PM - root - INFO - ********Verifying the Login test***********
08/28/2021 08:29:54 PM - root - INFO - *********Login test is passed **********
08/28/2021 08:29:54 PM - root - INFO - *********Login test is passed **********
08/28/2021 08:29:54 PM - root - INFO - *********Login test is passed **********
08/28/2021 08:29:54 PM - root - INFO - *********Login test is passed **********
08/28/2021 08:29:54 PM - root - INFO - *********Login test is passed **********
08/28/2021 11:17:16 PM - root - INFO - **************Test_003_AddCustomer***************
08/28/2021 11:17:16 PM - root - INFO - **************Test_003_AddCustomer***************
08/28/2021 11:17:16 PM - root - INFO - **************Test_003_AddCustomer***************
08/28/2021 11:17:16 PM - root - INFO - **************Test_003_AddCustomer***************
08/28/2021 11:17:16 PM - root - INFO - **************Test_003_AddCustomer***************
08/28/2021 11:17:16 PM - root - INFO - **************User login initiated****************
08/28/2021 11:17:16 PM - root - INFO - **************User login initiated****************
08/28/2021 11:17:16 PM - root - INFO - **************User login initiated****************
08/28/2021 11:17:16 PM - root - INFO - **************User login initiated****************
08/28/2021 11:17:16 PM - root - INFO - **************User login initiated****************
08/28/2021 11:17:37 PM - root - INFO - ***********Login Successful*********
08/28/2021 11:17:37 PM - root - INFO - ***********Login Successful*********
08/28/2021 11:17:37 PM - root - INFO - ***********Login Successful*********
08/28/2021 11:17:37 PM - root - INFO - ***********Login Successful*********
08/28/2021 11:17:37 PM - root - INFO - ***********Login Successful*********
08/28/2021 11:17:37 PM - root - INFO - ***************Add Customer Test Begin******************
08/28/2021 11:17:37 PM - root - INFO - ***************Add Customer Test Begin******************
08/28/2021 11:17:37 PM - root - INFO - ***************Add Customer Test Begin******************
08/28/2021 11:17:37 PM - root - INFO - ***************Add Customer Test Begin******************
08/28/2021 11:17:37 PM - root - INFO - ***************Add Customer Test Begin******************
08/28/2021 11:17:44 PM - root - INFO - ***************Adding customer Info******************
08/28/2021 11:17:44 PM - root - INFO - ***************Adding customer Info******************
08/28/2021 11:17:44 PM - root - INFO - ***************Adding customer Info******************
08/28/2021 11:17:44 PM - root - INFO - ***************Adding customer Info******************
08/28/2021 11:17:44 PM - root - INFO - ***************Adding customer Info******************
08/28/2021 11:17:56 PM - root - INFO - ************* Saving customer info **********
08/28/2021 11:17:56 PM - root - INFO - ************* Saving customer info **********
08/28/2021 11:17:56 PM - root - INFO - ************* Saving customer info **********
08/28/2021 11:17:56 PM - root - INFO - ************* Saving customer info **********
08/28/2021 11:17:56 PM - root - INFO - ************* Saving customer info **********
08/28/2021 11:17:56 PM - root - INFO - ********* Add customer validation started *****************
08/28/2021 11:17:56 PM - root - INFO - ********* Add customer validation started *****************
08/28/2021 11:17:56 PM - root - INFO - ********* Add customer validation started *****************
08/28/2021 11:17:56 PM - root - INFO - ********* Add customer validation started *****************
08/28/2021 11:17:56 PM - root - INFO - ********* Add customer validation started *****************
08/28/2021 11:17:56 PM - root - INFO - ********* Add customer test validation passed *****************
08/28/2021 11:17:56 PM - root - INFO - ********* Add customer test validation passed *****************
08/28/2021 11:17:56 PM - root - INFO - ********* Add customer test validation passed *****************
08/28/2021 11:17:56 PM - root - INFO - ********* Add customer test validation passed *****************
08/28/2021 11:17:56 PM - root - INFO - ********* Add customer test validation passed *****************
08/28/2021 11:17:56 PM - root - INFO - ***************Add Customer Test End******************
08/28/2021 11:17:56 PM - root - INFO - ***************Add Customer Test End******************
08/28/2021 11:17:56 PM - root - INFO - ***************Add Customer Test End******************
08/28/2021 11:17:56 PM - root - INFO - ***************Add Customer Test End******************
08/28/2021 11:17:56 PM - root - INFO - ***************Add Customer Test End******************
08/28/2021 11:17:57 PM - root - INFO - ********Verifying the Login test***********
08/28/2021 11:17:57 PM - root - INFO - ********Verifying the Login test***********
08/28/2021 11:17:57 PM - root - INFO - ********Verifying the Login test***********
08/28/2021 11:17:57 PM - root - INFO - ********Verifying the Login test***********
08/28/2021 11:17:57 PM - root - INFO - ********Verifying the Login test***********
08/28/2021 11:18:10 PM - root - INFO - *********Login test is passed **********
08/28/2021 11:18:10 PM - root - INFO - *********Login test is passed **********
08/28/2021 11:18:10 PM - root - INFO - *********Login test is passed **********
08/28/2021 11:18:10 PM - root - INFO - *********Login test is passed **********
08/28/2021 11:18:10 PM - root - INFO - *********Login test is passed **********
09/05/2021 05:00:03 PM - root - INFO - **************Test_003_AddCustomer***************
09/05/2021 05:00:03 PM - root - INFO - **************User login initiated****************
09/05/2021 05:00:14 PM - root - INFO - ***********Login Successful*********
09/05/2021 05:00:14 PM - root - INFO - ***************Add Customer Test Begin******************
09/05/2021 05:01:33 PM - root - INFO - ********Verifying the Login test***********
09/05/2021 05:01:33 PM - root - INFO - ********Verifying the Login test***********
09/05/2021 05:01:33 PM - root - INFO - ********Verifying the Login test***********
09/05/2021 05:01:33 PM - root - INFO - ********Verifying the Login test***********
09/05/2021 05:01:33 PM - root - INFO - ********Verifying the Login test***********
09/05/2021 05:01:43 PM - root - INFO - *********Login test is passed **********
09/05/2021 05:01:43 PM - root - INFO - *********Login test is passed **********
09/05/2021 05:01:43 PM - root - INFO - *********Login test is passed **********
09/05/2021 05:01:43 PM - root - INFO - *********Login test is passed **********
09/05/2021 05:01:43 PM - root - INFO - *********Login test is passed **********
09/05/2021 05:01:53 PM - root - INFO - ********Verifying the Login test***********
09/05/2021 05:01:53 PM - root - INFO - ********Verifying the Login test***********
09/05/2021 05:01:53 PM - root - INFO - ********Verifying the Login test***********
09/05/2021 05:01:53 PM - root - INFO - ********Verifying the Login test***********
09/05/2021 05:01:53 PM - root - INFO - ********Verifying the Login test***********
09/05/2021 05:02:03 PM - root - INFO - *********Login test is passed **********
09/05/2021 05:02:03 PM - root - INFO - *********Login test is passed **********
09/05/2021 05:02:03 PM - root - INFO - *********Login test is passed **********
09/05/2021 05:02:03 PM - root - INFO - *********Login test is passed **********
09/05/2021 05:02:03 PM - root - INFO - *********Login test is passed **********
09/05/2021 05:04:26 PM - root - INFO - **************Test_003_AddCustomer***************
09/05/2021 05:04:26 PM - root - INFO - **************Test_003_AddCustomer***************
09/05/2021 05:04:26 PM - root - INFO - **************Test_003_AddCustomer***************
09/05/2021 05:04:26 PM - root - INFO - **************Test_003_AddCustomer***************
09/05/2021 05:04:26 PM - root - INFO - **************Test_003_AddCustomer***************
09/05/2021 05:04:26 PM - root - INFO - **************User login initiated****************
09/05/2021 05:04:26 PM - root - INFO - **************User login initiated****************
09/05/2021 05:04:26 PM - root - INFO - **************User login initiated****************
09/05/2021 05:04:26 PM - root - INFO - **************User login initiated****************
09/05/2021 05:04:26 PM - root - INFO - **************User login initiated****************
09/05/2021 05:04:35 PM - root - INFO - ***********Login Successful*********
09/05/2021 05:04:35 PM - root - INFO - ***********Login Successful*********
09/05/2021 05:04:35 PM - root - INFO - ***********Login Successful*********
09/05/2021 05:04:35 PM - root - INFO - ***********Login Successful*********
09/05/2021 05:04:35 PM - root - INFO - ***********Login Successful*********
09/05/2021 05:04:35 PM - root - INFO - ***************Add Customer Test Begin******************
09/05/2021 05:04:35 PM - root - INFO - ***************Add Customer Test Begin******************
09/05/2021 05:04:35 PM - root - INFO - ***************Add Customer Test Begin******************
09/05/2021 05:04:35 PM - root - INFO - ***************Add Customer Test Begin******************
09/05/2021 05:04:35 PM - root - INFO - ***************Add Customer Test Begin******************
09/05/2021 05:04:38 PM - root - INFO - ********Verifying the Login test***********
09/05/2021 05:04:38 PM - root - INFO - ********Verifying the Login test***********
09/05/2021 05:04:38 PM - root - INFO - ********Verifying the Login test***********
09/05/2021 05:04:38 PM - root - INFO - ********Verifying the Login test***********
09/05/2021 05:04:38 PM - root - INFO - ********Verifying the Login test***********
09/05/2021 05:04:47 PM - root - INFO - *********Login test is passed **********
09/05/2021 05:04:47 PM - root - INFO - *********Login test is passed **********
09/05/2021 05:04:47 PM - root - INFO - *********Login test is passed **********
09/05/2021 05:04:47 PM - root - INFO - *********Login test is passed **********
09/05/2021 05:04:47 PM - root - INFO - *********Login test is passed **********
